EventID: 1cb3e690-ddd8-425d-be77-6b62599b1b2c
Timestamp: 2025-07-18T15:12:01.508205
IP: 192.168.1.125
Hostname: DESKTOP-RGLG2LV
ISP: Local Network
City: Local Device (192.168.1.125)
Region: Internal Network
Country: Local Network
Coordinates: 0,0
Latitude: 0
Longitude: 0
Timezone: UTC
Proxy/VPN: No
Method: GET
Path: /
User-Agent: Mozilla/5.0 (Windows NT 10.0; Win64; x64) AppleWebKit/537.36 (KHTML, like Gecko) Chrome/138.0.0.0 Safari/537.36
Event: Visited Home Page
DataHash: 44136fa355b3678a1146ad16f7e8649e94fb4fc21fe77e8310c060f61caaff8a
IntegrityHash: 786c95a432e67234e3dc361a48663896fd779d539274ef743270c1cdd7b1bfa1
------------------------------------------------------------
EventID: 90500f60-73b4-41c9-a2f7-fd3e63ebd8ec
Timestamp: 2025-07-18T15:12:06.443934
IP: 192.168.1.125
Hostname: DESKTOP-RGLG2LV
ISP: Local Network
City: Local Device (192.168.1.125)
Region: Internal Network
Country: Local Network
Coordinates: 0,0
Latitude: 0
Longitude: 0
Timezone: UTC
Proxy/VPN: No
Method: GET
Path: /login
User-Agent: Mozilla/5.0 (Windows NT 10.0; Win64; x64) AppleWebKit/537.36 (KHTML, like Gecko) Chrome/138.0.0.0 Safari/537.36
Event: Visited Login Page
DataHash: 44136fa355b3678a1146ad16f7e8649e94fb4fc21fe77e8310c060f61caaff8a
IntegrityHash: cab19ebe1b2a247011bd06e0cbf5a8cd34f89ef32eaf93882d4aa88b6783d375
------------------------------------------------------------
EventID: 1d333c16-3b37-4a40-a02e-2b93c4de5e3f
Timestamp: 2025-07-18T15:12:12.908664
IP: 192.168.1.125
Hostname: DESKTOP-RGLG2LV
ISP: Local Network
City: Local Device (192.168.1.125)
Region: Internal Network
Country: Local Network
Coordinates: 0,0
Latitude: 0
Longitude: 0
Timezone: UTC
Proxy/VPN: No
Method: POST
Path: /login
User-Agent: Mozilla/5.0 (Windows NT 10.0; Win64; x64) AppleWebKit/537.36 (KHTML, like Gecko) Chrome/138.0.0.0 Safari/537.36
Event: Successful Login
DataHash: c1078c0bc69280cdacab8fb2034daa9585742d4a14f5225c5a5421906727f4db
IntegrityHash: db65cd48674102d05d7c67e6e0dea7a51e5ce049cf9473037e0179e3b7cfb839
------------------------------------------------------------
EventID: ca1bfa52-6731-44ee-8b03-5521cf8de445
Timestamp: 2025-07-18T15:12:12.929871
IP: 192.168.1.125
Hostname: DESKTOP-RGLG2LV
ISP: Local Network
City: Local Device (192.168.1.125)
Region: Internal Network
Country: Local Network
Coordinates: 0,0
Latitude: 0
Longitude: 0
Timezone: UTC
Proxy/VPN: No
Method: GET
Path: /admin
User-Agent: Mozilla/5.0 (Windows NT 10.0; Win64; x64) AppleWebKit/537.36 (KHTML, like Gecko) Chrome/138.0.0.0 Safari/537.36
Event: Accessed Admin Panel
DataHash: 44136fa355b3678a1146ad16f7e8649e94fb4fc21fe77e8310c060f61caaff8a
IntegrityHash: ce540fb5173d9f66bcdafafd9ffe6e9f00efbf5977ce1db0385c5d19ab704db9
------------------------------------------------------------
EventID: f74cb9e2-f3ba-41b0-8937-e3321e0397b2
Timestamp: 2025-07-18T15:12:20.361012
IP: 192.168.1.125
Hostname: DESKTOP-RGLG2LV
ISP: Local Network
City: Local Device (192.168.1.125)
Region: Internal Network
Country: Local Network
Coordinates: 0,0
Latitude: 0
Longitude: 0
Timezone: UTC
Proxy/VPN: No
Method: GET
Path: /logout
User-Agent: Mozilla/5.0 (Windows NT 10.0; Win64; x64) AppleWebKit/537.36 (KHTML, like Gecko) Chrome/138.0.0.0 Safari/537.36
Event: User Logged Out
DataHash: 44136fa355b3678a1146ad16f7e8649e94fb4fc21fe77e8310c060f61caaff8a
IntegrityHash: 49229e595b8a295896b6b735fd17b17cca529b11e2cbf577c727bebaa565229c
------------------------------------------------------------
EventID: be926e37-e5cb-402c-bfe6-bf5ec7e5a537
Timestamp: 2025-07-18T15:12:20.388857
IP: 192.168.1.125
Hostname: DESKTOP-RGLG2LV
ISP: Local Network
City: Local Device (192.168.1.125)
Region: Internal Network
Country: Local Network
Coordinates: 0,0
Latitude: 0
Longitude: 0
Timezone: UTC
Proxy/VPN: No
Method: GET
Path: /
User-Agent: Mozilla/5.0 (Windows NT 10.0; Win64; x64) AppleWebKit/537.36 (KHTML, like Gecko) Chrome/138.0.0.0 Safari/537.36
Event: Visited Home Page
DataHash: 44136fa355b3678a1146ad16f7e8649e94fb4fc21fe77e8310c060f61caaff8a
IntegrityHash: 92beff86edc876c3fc2373b0eda1596286ee00c1e1e4c4bbfcebaf59a7f23ba9
------------------------------------------------------------
EventID: 0b7a6030-9e2b-4b63-8e27-bea08e44880d
Timestamp: 2025-07-18T15:12:22.515729
IP: 192.168.1.125
Hostname: DESKTOP-RGLG2LV
ISP: Local Network
City: Local Device (192.168.1.125)
Region: Internal Network
Country: Local Network
Coordinates: 0,0
Latitude: 0
Longitude: 0
Timezone: UTC
Proxy/VPN: No
Method: GET
Path: /login
User-Agent: Mozilla/5.0 (Windows NT 10.0; Win64; x64) AppleWebKit/537.36 (KHTML, like Gecko) Chrome/138.0.0.0 Safari/537.36
Event: Visited Login Page
DataHash: 44136fa355b3678a1146ad16f7e8649e94fb4fc21fe77e8310c060f61caaff8a
IntegrityHash: 8ea8361665af2892ca3993c7bf8677e6df6d33e63c19cfdf4c19451d3629e5cf
------------------------------------------------------------
EventID: 39288706-bbd5-48d5-aff5-bd5950dab44a
Timestamp: 2025-07-18T15:12:26.990261
IP: 192.168.1.125
Hostname: DESKTOP-RGLG2LV
ISP: Local Network
City: Local Device (192.168.1.125)
Region: Internal Network
Country: Local Network
Coordinates: 0,0
Latitude: 0
Longitude: 0
Timezone: UTC
Proxy/VPN: No
Method: POST
Path: /login
User-Agent: Mozilla/5.0 (Windows NT 10.0; Win64; x64) AppleWebKit/537.36 (KHTML, like Gecko) Chrome/138.0.0.0 Safari/537.36
Event: Successful Login
DataHash: c1078c0bc69280cdacab8fb2034daa9585742d4a14f5225c5a5421906727f4db
IntegrityHash: a7e28edfbaf12f812f79fe2b128e013327894e866228bf1fc925983bc746bd95
------------------------------------------------------------
EventID: 8edc8db1-fff8-4d8f-aeb2-3b994af03a8e
Timestamp: 2025-07-18T15:12:27.027012
IP: 192.168.1.125
Hostname: DESKTOP-RGLG2LV
ISP: Local Network
City: Local Device (192.168.1.125)
Region: Internal Network
Country: Local Network
Coordinates: 0,0
Latitude: 0
Longitude: 0
Timezone: UTC
Proxy/VPN: No
Method: GET
Path: /admin
User-Agent: Mozilla/5.0 (Windows NT 10.0; Win64; x64) AppleWebKit/537.36 (KHTML, like Gecko) Chrome/138.0.0.0 Safari/537.36
Event: Accessed Admin Panel
DataHash: 44136fa355b3678a1146ad16f7e8649e94fb4fc21fe77e8310c060f61caaff8a
IntegrityHash: d5885cf26bea2039fe46d49af00ba74f09da05ac1c51dfeef575aeef54942868
------------------------------------------------------------
EventID: a90e0a4c-5f7b-446e-873b-9bc414e70fed
Timestamp: 2025-07-18T15:41:47.085771
IP: 192.168.1.125
Hostname: DESKTOP-RGLG2LV
ISP: Local Network
City: Local Device (192.168.1.125)
Region: Internal Network
Country: Local Network
Coordinates: 0,0
Latitude: 0
Longitude: 0
Timezone: UTC
Proxy/VPN: No
Method: GET
Path: /
User-Agent: Mozilla/5.0 (Windows NT 10.0; Win64; x64) AppleWebKit/537.36 (KHTML, like Gecko) Chrome/138.0.0.0 Safari/537.36
Event: Visited Home Page
DataHash: 44136fa355b3678a1146ad16f7e8649e94fb4fc21fe77e8310c060f61caaff8a
IntegrityHash: b16727ee623deedbb8005d7d2be8a61863c9b3fbbe6d73e84fffb01e97675f76
------------------------------------------------------------
EventID: 0a4b09f9-ab04-4715-83b5-c84d4211584e
Timestamp: 2025-07-18T15:41:50.843139
IP: 192.168.1.125
Hostname: DESKTOP-RGLG2LV
ISP: Local Network
City: Local Device (192.168.1.125)
Region: Internal Network
Country: Local Network
Coordinates: 0,0
Latitude: 0
Longitude: 0
Timezone: UTC
Proxy/VPN: No
Method: GET
Path: /login
User-Agent: Mozilla/5.0 (Windows NT 10.0; Win64; x64) AppleWebKit/537.36 (KHTML, like Gecko) Chrome/138.0.0.0 Safari/537.36
Event: Visited Login Page
DataHash: 44136fa355b3678a1146ad16f7e8649e94fb4fc21fe77e8310c060f61caaff8a
IntegrityHash: 3200740d56d78801e3626666b3ae4b989eed85140ba7bd24154865b1a1cd404d
------------------------------------------------------------
EventID: f3b5c882-8aa5-44eb-a5da-a289e79cfeec
Timestamp: 2025-07-18T15:41:57.702231
IP: 192.168.1.125
Hostname: DESKTOP-RGLG2LV
ISP: Local Network
City: Local Device (192.168.1.125)
Region: Internal Network
Country: Local Network
Coordinates: 0,0
Latitude: 0
Longitude: 0
Timezone: UTC
Proxy/VPN: No
Method: POST
Path: /login
User-Agent: Mozilla/5.0 (Windows NT 10.0; Win64; x64) AppleWebKit/537.36 (KHTML, like Gecko) Chrome/138.0.0.0 Safari/537.36
Event: Successful Login
DataHash: c1078c0bc69280cdacab8fb2034daa9585742d4a14f5225c5a5421906727f4db
IntegrityHash: 35840da5c2fc17b4b9a5cb7fc3af6b84cc9d8593c5dc005875ac3083448a6a54
------------------------------------------------------------
EventID: ae57f6ca-1224-4b7b-9aa9-1dbfa0841a4e
Timestamp: 2025-07-18T15:41:57.747832
IP: 192.168.1.125
Hostname: DESKTOP-RGLG2LV
ISP: Local Network
City: Local Device (192.168.1.125)
Region: Internal Network
Country: Local Network
Coordinates: 0,0
Latitude: 0
Longitude: 0
Timezone: UTC
Proxy/VPN: No
Method: GET
Path: /admin
User-Agent: Mozilla/5.0 (Windows NT 10.0; Win64; x64) AppleWebKit/537.36 (KHTML, like Gecko) Chrome/138.0.0.0 Safari/537.36
Event: Accessed Admin Panel
DataHash: 44136fa355b3678a1146ad16f7e8649e94fb4fc21fe77e8310c060f61caaff8a
IntegrityHash: 0acb8e59e2ccf42b7dd2a38ca7b314df077aee5d829dd15eb0fc82b44143ce78
------------------------------------------------------------
EventID: 46a8e394-2015-40bc-b11f-a43a981877c3
Timestamp: 2025-07-18T15:45:38.038704
IP: 192.168.1.125
Hostname: DESKTOP-RGLG2LV
ISP: Local Network
City: Local Device (192.168.1.125)
Region: Internal Network
Country: Local Network
Coordinates: 0,0
Latitude: 0
Longitude: 0
Timezone: UTC
Proxy/VPN: No
Method: GET
Path: /
User-Agent: Mozilla/5.0 (Windows NT 10.0; Win64; x64) AppleWebKit/537.36 (KHTML, like Gecko) Chrome/138.0.0.0 Safari/537.36
Event: Visited Home Page
DataHash: 44136fa355b3678a1146ad16f7e8649e94fb4fc21fe77e8310c060f61caaff8a
IntegrityHash: 83177818201f6ba7bcee51179225ef28b7a95398c1d7a62df5ff84710dc05f81
------------------------------------------------------------
EventID: 7241f981-9cde-4a86-a9bd-9ca6319580e5
Timestamp: 2025-07-18T15:45:42.983583
IP: 192.168.1.125
Hostname: DESKTOP-RGLG2LV
ISP: Local Network
City: Local Device (192.168.1.125)
Region: Internal Network
Country: Local Network
Coordinates: 0,0
Latitude: 0
Longitude: 0
Timezone: UTC
Proxy/VPN: No
Method: GET
Path: /login
User-Agent: Mozilla/5.0 (Windows NT 10.0; Win64; x64) AppleWebKit/537.36 (KHTML, like Gecko) Chrome/138.0.0.0 Safari/537.36
Event: Visited Login Page
DataHash: 44136fa355b3678a1146ad16f7e8649e94fb4fc21fe77e8310c060f61caaff8a
IntegrityHash: 0f9ec869bccc0b1caad9580e6e2e94671c4e8442f80336a754e3100d1838fdfb
------------------------------------------------------------
EventID: b72663c8-3bb0-4772-b764-aa4497fde40a
Timestamp: 2025-07-18T15:45:49.419974
IP: 192.168.1.125
Hostname: DESKTOP-RGLG2LV
ISP: Local Network
City: Local Device (192.168.1.125)
Region: Internal Network
Country: Local Network
Coordinates: 0,0
Latitude: 0
Longitude: 0
Timezone: UTC
Proxy/VPN: No
Method: POST
Path: /login
User-Agent: Mozilla/5.0 (Windows NT 10.0; Win64; x64) AppleWebKit/537.36 (KHTML, like Gecko) Chrome/138.0.0.0 Safari/537.36
Event: Successful Login
DataHash: c1078c0bc69280cdacab8fb2034daa9585742d4a14f5225c5a5421906727f4db
IntegrityHash: d9fcd93325c9908c56c3cc916055cc684cd901b26f2f024fbda232d6bfec2d55
------------------------------------------------------------
EventID: 7e3b9a60-078d-4189-a018-3d9707f0f2f3
Timestamp: 2025-07-18T15:45:49.468606
IP: 192.168.1.125
Hostname: DESKTOP-RGLG2LV
ISP: Local Network
City: Local Device (192.168.1.125)
Region: Internal Network
Country: Local Network
Coordinates: 0,0
Latitude: 0
Longitude: 0
Timezone: UTC
Proxy/VPN: No
Method: GET
Path: /admin
User-Agent: Mozilla/5.0 (Windows NT 10.0; Win64; x64) AppleWebKit/537.36 (KHTML, like Gecko) Chrome/138.0.0.0 Safari/537.36
Event: Accessed Admin Panel
DataHash: 44136fa355b3678a1146ad16f7e8649e94fb4fc21fe77e8310c060f61caaff8a
IntegrityHash: 2d241f8585e34096b07a7a3085edb99ab45cf519b7e8f7c51198cba4ffa7343a
------------------------------------------------------------
